#
# There is insufficient memory for the Java Runtime Environment to continue.
# Native memory allocation (malloc) failed to allocate 362416 bytes for Chunk::new
# Possible reasons:
#   The system is out of physical RAM or swap space
#   The process is running with CompressedOops enabled, and the Java Heap may be blocking the growth of the native heap
# Possible solutions:
#   Reduce memory load on the system
#   Increase physical memory or swap space
#   Check if swap backing store is full
#   Decrease Java heap size (-Xmx/-Xms)
#   Decrease number of Java threads
#   Decrease Java thread stack sizes (-Xss)
#   Set larger code cache with -XX:ReservedCodeCacheSize=
#   JVM is running with Unscaled Compressed Oops mode in which the Java heap is
#     placed in the first 4GB address space. The Java Heap base address is the
#     maximum limit for the native heap growth. Please use -XX:HeapBaseMinAddress
#     to set the Java Heap base and to place the Java Heap above 4GB virtual address.
# This output file may be truncated or incomplete.
#
#  Out of Memory Error (allocation.cpp:389), pid=12064, tid=0x0000000000002f84
#
# JRE version: OpenJDK Runtime Environment (8.0_242-b01) (build 1.8.0_242-release-1644-b01)
# Java VM: OpenJDK 64-Bit Server VM (25.242-b01 mixed mode windows-amd64 compressed oops)
# Failed to write core dump. Minidumps are not enabled by default on client versions of Windows
#

---------------  T H R E A D  ---------------

Current thread (0x000000001734b000):  JavaThread "C2 CompilerThread1" daemon [_thread_in_native, id=12164, stack(0x0000000018ac0000,0x0000000018bc0000)]

Stack: [0x0000000018ac0000,0x0000000018bc0000]
[error occurred during error reporting (printing stack bounds), id 0xc0000005]

Native frames: (J=compiled Java code, j=interpreted, Vv=VM code, C=native code)


Current CompileTask:
C2:   4467 1498       4       java.net.URLClassLoader$1::run (5 bytes)


---------------  P R O C E S S  ---------------

Java Threads: ( => current thread )
  0x000000001734e800 JavaThread "Cache worker for file hash cache (C:\Users\QINTESS\.gradle\caches\6.5\fileHashes)" [_thread_blocked, id=12264, stack(0x000000001d300000,0x000000001d400000)]
  0x000000001734b800 JavaThread "File lock request listener" [_thread_in_native, id=12260, stack(0x000000001d200000,0x000000001d300000)]
  0x000000001abf9800 JavaThread "Cache worker for journal cache (C:\Users\QINTESS\.gradle\caches\journal-1)" [_thread_blocked, id=12256, stack(0x000000001d100000,0x000000001d200000)]
  0x0000000019ee4000 JavaThread "Thread-9" [_thread_blocked, id=12252, stack(0x000000001ce00000,0x000000001cf00000)]
  0x0000000019d07000 JavaThread "Stdin handler" [_thread_blocked, id=12248, stack(0x000000001cd00000,0x000000001ce00000)]
  0x0000000019d06000 JavaThread "Asynchronous log dispatcher for DefaultDaemonConnection: socket connection from /127.0.0.1:50106 to /127.0.0.1:50107" [_thread_blocked, id=12244, stack(0x000000001cc00000,0x000000001cd00000)]
  0x0000000019786800 JavaThread "Daemon worker" [_thread_in_native, id=12232, stack(0x000000001cb00000,0x000000001cc00000)]
  0x0000000019785800 JavaThread "Cancel handler" [_thread_blocked, id=12228, stack(0x000000001ca00000,0x000000001cb00000)]
  0x000000001abb4800 JavaThread "Handler for socket connection from /127.0.0.1:50106 to /127.0.0.1:50107" [_thread_in_native, id=12224, stack(0x000000001c900000,0x000000001ca00000)]
  0x000000001abb2000 JavaThread "Daemon" [_thread_blocked, id=12220, stack(0x000000001c800000,0x000000001c900000)]
  0x000000001ab96000 JavaThread "Daemon periodic checks" [_thread_blocked, id=12212, stack(0x000000001c500000,0x000000001c600000)]
  0x000000001ab41000 JavaThread "Incoming local TCP Connector on port 50106" [_thread_in_native, id=12204, stack(0x000000001c2a0000,0x000000001c3a0000)]
  0x000000001aa79000 JavaThread "Daemon health stats" [_thread_blocked, id=12188, stack(0x000000001bc60000,0x000000001bd60000)]
  0x0000000018cf4800 JavaThread "Service Thread" daemon [_thread_blocked, id=12172, stack(0x00000000190c0000,0x00000000191c0000)]
  0x000000001734d000 JavaThread "C1 CompilerThread2" daemon [_thread_blocked, id=12168, stack(0x0000000018bc0000,0x0000000018cc0000)]
=>0x000000001734b000 JavaThread "C2 CompilerThread1" daemon [_thread_in_native, id=12164, stack(0x0000000018ac0000,0x0000000018bc0000)]
  0x0000000017343000 JavaThread "C2 CompilerThread0" daemon [_thread_in_native, id=12160, stack(0x00000000189c0000,0x0000000018ac0000)]
  0x0000000017347000 JavaThread "Attach Listener" daemon [_thread_blocked, id=12156, stack(0x00000000188c0000,0x00000000189c0000)]
  0x0000000017345000 JavaThread "Signal Dispatcher" daemon [_thread_blocked, id=12152, stack(0x00000000187c0000,0x00000000188c0000)]
  0x000000000271b000 JavaThread "Finalizer" daemon [_thread_blocked, id=12148, stack(0x00000000185b0000,0x00000000186b0000)]
  0x0000000017329000 JavaThread "Reference Handler" daemon [_thread_blocked, id=12144, stack(0x00000000184b0000,0x00000000185b0000)]
  0x000000000261d800 JavaThread "main" [_thread_blocked, id=12120, stack(0x00000000024f0000,0x00000000025f0000)]

Other Threads:
  0x0000000017306000 VMThread [stack: 0x00000000183b0000,0x00000000184b0000] [id=12140]
  0x0000000018cf5800 WatcherThread [stack: 0x00000000191c0000,0x00000000192c0000] [id=12176]

VM state:not at safepoint (normal execution)

VM Mutex/Monitor currently owned by a thread: None

heap address: 0x0000000080000000, size: 2048 MB, Compressed Oops mode: 32-bit
Narrow klass base: 0x0000000000000000, Narrow klass shift: 3
Compressed class space size: 1073741824 Address: 0x0000000100000000

Heap:
 PSYoungGen      total 37888K, used 33039K [0x00000000d5580000, 0x00000000d7f80000, 0x0000000100000000)
  eden space 32768K, 85% used [0x00000000d5580000,0x00000000d70c72c0,0x00000000d7580000)
  from space 5120K, 99% used [0x00000000d7a80000,0x00000000d7f7cd20,0x00000000d7f80000)
  to   space 5120K, 0% used [0x00000000d7580000,0x00000000d7580000,0x00000000d7a80000)
 ParOldGen       total 86016K, used 3130K [0x0000000080000000, 0x0000000085400000, 0x00000000d5580000)
  object space 86016K, 3% used [0x0000000080000000,0x000000008030ea48,0x0000000085400000)
 Metaspace       used 17011K, capacity 17644K, committed 17920K, reserved 1064960K
  class space    used 2310K, capacity 2470K, committed 2560K, reserved 1048576K

Card table byte_map: [0x0000000011ae0000,0x0000000011ef0000] byte_map_base: 0x00000000116e0000

Marking Bits: (ParMarkBitMap*) 0x000000006f4cf030
 Begin Bits: [0x00000000125a0000, 0x00000000145a0000)
 End Bits:   [0x00000000145a0000, 0x00000000165a0000)

Polling page: 0x0000000000810000

CodeCache: size=245760Kb used=5431Kb max_used=5431Kb free=240328Kb
 bounds [0x0000000002720000, 0x0000000002c80000, 0x0000000011720000]
 total_blobs=1929 nmethods=1529 adapters=313
 compilation: enabled

Compilation events (10 events):
Event: 4.356 Thread 0x000000001734d000 1529       3       java.lang.invoke.MethodTypeForm::cachedLambdaForm (44 bytes)
Event: 4.356 Thread 0x000000001734d000 nmethod 1529 0x0000000002c69e50 code [0x0000000002c69fe0, 0x0000000002c6a430]
Event: 4.358 Thread 0x000000001734d000 1530       3       org.gradle.internal.service.DefaultServiceRegistry$OwnServices::getService (309 bytes)
Event: 4.359 Thread 0x000000001734d000 nmethod 1530 0x0000000002c6a590 code [0x0000000002c6aa80, 0x0000000002c6da18]
Event: 4.359 Thread 0x000000001734d000 1532       3       org.gradle.internal.service.DefaultServiceRegistry$CompositeServiceProvider::getService (49 bytes)
Event: 4.360 Thread 0x000000001734d000 nmethod 1532 0x0000000002c6f050 code [0x0000000002c6f1c0, 0x0000000002c6f508]
Event: 4.360 Thread 0x000000001734d000 1531       3       java.lang.Class::isAnnotation (17 bytes)
Event: 4.360 Thread 0x000000001734d000 nmethod 1531 0x0000000002c6f690 code [0x0000000002c6f800, 0x0000000002c6fa68]
Event: 4.381 Thread 0x000000001734d000 1533       1       org.gradle.launcher.daemon.server.exec.DaemonConnectionBackedEventConsumer::access$100 (5 bytes)
Event: 4.381 Thread 0x000000001734d000 nmethod 1533 0x0000000002c6fb10 code [0x0000000002c6fc60, 0x0000000002c6fd50]

GC Heap History (8 events):
Event: 1.603 GC heap before
{Heap before GC invocations=1 (full 0):
 PSYoungGen      total 37888K, used 32768K [0x00000000d5580000, 0x00000000d7f80000, 0x0000000100000000)
  eden space 32768K, 100% used [0x00000000d5580000,0x00000000d7580000,0x00000000d7580000)
  from space 5120K, 0% used [0x00000000d7a80000,0x00000000d7a80000,0x00000000d7f80000)
  to   space 5120K, 0% used [0x00000000d7580000,0x00000000d7580000,0x00000000d7a80000)
 ParOldGen       total 86016K, used 0K [0x0000000080000000, 0x0000000085400000, 0x00000000d5580000)
  object space 86016K, 0% used [0x0000000080000000,0x0000000080000000,0x0000000085400000)
 Metaspace       used 7555K, capacity 7850K, committed 8064K, reserved 1056768K
  class space    used 931K, capacity 1041K, committed 1152K, reserved 1048576K
Event: 1.625 GC heap after
Heap after GC invocations=1 (full 0):
 PSYoungGen      total 37888K, used 4542K [0x00000000d5580000, 0x00000000d7f80000, 0x0000000100000000)
  eden space 32768K, 0% used [0x00000000d5580000,0x00000000d5580000,0x00000000d7580000)
  from space 5120K, 88% used [0x00000000d7580000,0x00000000d79ef9a8,0x00000000d7a80000)
  to   space 5120K, 0% used [0x00000000d7a80000,0x00000000d7a80000,0x00000000d7f80000)
 ParOldGen       total 86016K, used 16K [0x0000000080000000, 0x0000000085400000, 0x00000000d5580000)
  object space 86016K, 0% used [0x0000000080000000,0x0000000080004000,0x0000000085400000)
 Metaspace       used 7555K, capacity 7850K, committed 8064K, reserved 1056768K
  class space    used 931K, capacity 1041K, committed 1152K, reserved 1048576K
}
Event: 1.942 GC heap before
{Heap before GC invocations=2 (full 0):
 PSYoungGen      total 37888K, used 37310K [0x00000000d5580000, 0x00000000d7f80000, 0x0000000100000000)
  eden space 32768K, 100% used [0x00000000d5580000,0x00000000d7580000,0x00000000d7580000)
  from space 5120K, 88% used [0x00000000d7580000,0x00000000d79ef9a8,0x00000000d7a80000)
  to   space 5120K, 0% used [0x00000000d7a80000,0x00000000d7a80000,0x00000000d7f80000)
 ParOldGen       total 86016K, used 16K [0x0000000080000000, 0x0000000085400000, 0x00000000d5580000)
  object space 86016K, 0% used [0x0000000080000000,0x0000000080004000,0x0000000085400000)
 Metaspace       used 7783K, capacity 8054K, committed 8320K, reserved 1056768K
  class space    used 950K, capacity 1045K, committed 1152K, reserved 1048576K
Event: 1.945 GC heap after
Heap after GC invocations=2 (full 0):
 PSYoungGen      total 37888K, used 3341K [0x00000000d5580000, 0x00000000d7f80000, 0x0000000100000000)
  eden space 32768K, 0% used [0x00000000d5580000,0x00000000d5580000,0x00000000d7580000)
  from space 5120K, 65% used [0x00000000d7a80000,0x00000000d7dc37e0,0x00000000d7f80000)
  to   space 5120K, 0% used [0x00000000d7580000,0x00000000d7580000,0x00000000d7a80000)
 ParOldGen       total 86016K, used 24K [0x0000000080000000, 0x0000000085400000, 0x00000000d5580000)
  object space 86016K, 0% used [0x0000000080000000,0x0000000080006000,0x0000000085400000)
 Metaspace       used 7783K, capacity 8054K, committed 8320K, reserved 1056768K
  class space    used 950K, capacity 1045K, committed 1152K, reserved 1048576K
}
Event: 2.902 GC heap before
{Heap before GC invocations=3 (full 0):
 PSYoungGen      total 37888K, used 36109K [0x00000000d5580000, 0x00000000d7f80000, 0x0000000100000000)
  eden space 32768K, 100% used [0x00000000d5580000,0x00000000d7580000,0x00000000d7580000)
  from space 5120K, 65% used [0x00000000d7a80000,0x00000000d7dc37e0,0x00000000d7f80000)
  to   space 5120K, 0% used [0x00000000d7580000,0x00000000d7580000,0x00000000d7a80000)
 ParOldGen       total 86016K, used 24K [0x0000000080000000, 0x0000000085400000, 0x00000000d5580000)
  object space 86016K, 0% used [0x0000000080000000,0x0000000080006000,0x0000000085400000)
 Metaspace       used 11910K, capacity 12300K, committed 12544K, reserved 1060864K
  class space    used 1581K, capacity 1688K, committed 1792K, reserved 1048576K
Event: 2.905 GC heap after
Heap after GC invocations=3 (full 0):
 PSYoungGen      total 37888K, used 5120K [0x00000000d5580000, 0x00000000d7f80000, 0x0000000100000000)
  eden space 32768K, 0% used [0x00000000d5580000,0x00000000d5580000,0x00000000d7580000)
  from space 5120K, 100% used [0x00000000d7580000,0x00000000d7a80000,0x00000000d7a80000)
  to   space 5120K, 0% used [0x00000000d7a80000,0x00000000d7a80000,0x00000000d7f80000)
 ParOldGen       total 86016K, used 874K [0x0000000080000000, 0x0000000085400000, 0x00000000d5580000)
  object space 86016K, 1% used [0x0000000080000000,0x00000000800da850,0x0000000085400000)
 Metaspace       used 11910K, capacity 12300K, committed 12544K, reserved 1060864K
  class space    used 1581K, capacity 1688K, committed 1792K, reserved 1048576K
}
Event: 3.678 GC heap before
{Heap before GC invocations=4 (full 0):
 PSYoungGen      total 37888K, used 37876K [0x00000000d5580000, 0x00000000d7f80000, 0x0000000100000000)
  eden space 32768K, 99% used [0x00000000d5580000,0x00000000d757d0c8,0x00000000d7580000)
  from space 5120K, 100% used [0x00000000d7580000,0x00000000d7a80000,0x00000000d7a80000)
  to   space 5120K, 0% used [0x00000000d7a80000,0x00000000d7a80000,0x00000000d7f80000)
 ParOldGen       total 86016K, used 874K [0x0000000080000000, 0x0000000085400000, 0x00000000d5580000)
  object space 86016K, 1% used [0x0000000080000000,0x00000000800da850,0x0000000085400000)
 Metaspace       used 14637K, capacity 15170K, committed 15232K, reserved 1062912K
  class space    used 2000K, capacity 2157K, committed 2176K, reserved 1048576K
Event: 3.683 GC heap after
Heap after GC invocations=4 (full 0):
 PSYoungGen      total 37888K, used 5107K [0x00000000d5580000, 0x00000000d7f80000, 0x0000000100000000)
  eden space 32768K, 0% used [0x00000000d5580000,0x00000000d5580000,0x00000000d7580000)
  from space 5120K, 99% used [0x00000000d7a80000,0x00000000d7f7cd20,0x00000000d7f80000)
  to   space 5120K, 0% used [0x00000000d7580000,0x00000000d7580000,0x00000000d7a80000)
 ParOldGen       total 86016K, used 3130K [0x0000000080000000, 0x0000000085400000, 0x00000000d5580000)
  object space 86016K, 3% used [0x0000000080000000,0x000000008030ea48,0x0000000085400000)
 Metaspace       used 14637K, capacity 15170K, committed 15232K, reserved 1062912K
  class space    used 2000K, capacity 2157K, committed 2176K, reserved 1048576K
}

Deoptimization events (10 events):
Event: 2.952 Thread 0x0000000019786800 Uncommon trap: reason=bimorphic action=maybe_recompile pc=0x00000000029f0a1c method=java.util.HashMap.putVal(ILjava/lang/Object;Ljava/lang/Object;ZZ)Ljava/lang/Object; @ 253
Event: 3.577 Thread 0x0000000019786800 Uncommon trap: reason=class_check action=maybe_recompile pc=0x0000000002a5ff98 method=java.util.regex.Matcher.match(II)Z @ 86
Event: 3.590 Thread 0x0000000019786800 Uncommon trap: reason=class_check action=maybe_recompile pc=0x0000000002a5ff98 method=java.util.regex.Matcher.match(II)Z @ 86
Event: 3.591 Thread 0x0000000019786800 Uncommon trap: reason=class_check action=maybe_recompile pc=0x0000000002a5ff98 method=java.util.regex.Matcher.match(II)Z @ 86
Event: 3.591 Thread 0x0000000019786800 Uncommon trap: reason=class_check action=maybe_recompile pc=0x00000000028e354c method=java.util.regex.Matcher.match(II)Z @ 86
Event: 3.796 Thread 0x0000000019786800 Uncommon trap: reason=unstable_if action=reinterpret pc=0x0000000002a59614 method=java.io.File.getName()Ljava/lang/String; @ 16
Event: 3.796 Thread 0x0000000019786800 Uncommon trap: reason=unstable_if action=reinterpret pc=0x0000000002a5570c method=java.lang.String.substring(I)Ljava/lang/String; @ 35
Event: 4.352 Thread 0x0000000019786800 Uncommon trap: reason=unstable_if action=reinterpret pc=0x0000000002a57e30 method=java.util.LinkedHashMap.afterNodeInsertion(Z)V @ 1
Event: 4.352 Thread 0x0000000019786800 Uncommon trap: reason=unstable_if action=reinterpret pc=0x00000000029a03c0 method=java.util.HashMap.getNode(ILjava/lang/Object;)Ljava/util/HashMap$Node; @ 129
Event: 4.354 Thread 0x0000000019786800 Uncommon trap: reason=unstable_if action=reinterpret pc=0x0000000002987150 method=java.util.HashMap.getNode(ILjava/lang/Object;)Ljava/util/HashMap$Node; @ 129

Classes redefined (0 events):
No events

Internal exceptions (10 events):
Event: 2.892 Thread 0x000000001abb4800 Exception <a 'java/lang/NoSuchMethodError': <clinit>> (0x00000000d74eb978) thrown at [C:\src\AOSP-openjdk-git\hotspot\src\share\vm\prims\jni.cpp, line 1615]
Event: 2.893 Thread 0x000000001abb4800 Exception <a 'java/lang/NoSuchMethodError': <clinit>> (0x00000000d74f5080) thrown at [C:\src\AOSP-openjdk-git\hotspot\src\share\vm\prims\jni.cpp, line 1615]
Event: 2.894 Thread 0x000000001abb4800 Exception <a 'java/lang/NoSuchMethodError': <clinit>> (0x00000000d7509690) thrown at [C:\src\AOSP-openjdk-git\hotspot\src\share\vm\prims\jni.cpp, line 1615]
Event: 2.901 Thread 0x000000001abb4800 Exception <a 'java/lang/NoSuchMethodError': <clinit>> (0x00000000d75767e0) thrown at [C:\src\AOSP-openjdk-git\hotspot\src\share\vm\prims\jni.cpp, line 1615]
Event: 2.916 Thread 0x000000001abb4800 Exception <a 'java/lang/NoSuchMethodError': <clinit>> (0x00000000d55b0d08) thrown at [C:\src\AOSP-openjdk-git\hotspot\src\share\vm\prims\jni.cpp, line 1615]
Event: 2.920 Thread 0x000000001abb4800 Exception <a 'java/lang/NoSuchMethodError': <clinit>> (0x00000000d55e68b0) thrown at [C:\src\AOSP-openjdk-git\hotspot\src\share\vm\prims\jni.cpp, line 1615]
Event: 2.921 Thread 0x000000001abb4800 Exception <a 'java/lang/NoSuchMethodError': <clinit>> (0x00000000d55f2e10) thrown at [C:\src\AOSP-openjdk-git\hotspot\src\share\vm\prims\jni.cpp, line 1615]
Event: 3.960 Thread 0x0000000019786800 Exception <a 'java/lang/NoSuchMethodError': java.lang.Object.lambda$and$0(Ljava/util/function/Predicate;Ljava/lang/Object;)Z> (0x00000000d5a4b708) thrown at [C:\src\AOSP-openjdk-git\hotspot\src\share\vm\interpreter\linkResolver.cpp, line 620]
Event: 4.010 Thread 0x0000000019786800 Exception <a 'java/lang/IncompatibleClassChangeError': Found class java.lang.Object, but interface was expected> (0x00000000d5a5b9f8) thrown at [C:\src\AOSP-openjdk-git\hotspot\src\share\vm\interpreter\linkResolver.cpp, line 653]
Event: 4.012 Thread 0x0000000019786800 Exception <a 'java/lang/NoSuchMethodError': java.lang.Object.lambda$or$2(Ljava/util/function/Predicate;Ljava/lang/Object;)Z> (0x00000000d5a60548) thrown at [C:\src\AOSP-openjdk-git\hotspot\src\share\vm\interpreter\linkResolver.cpp, line 620]

Events (10 events):
Event: 4.361 Executing VM operation: Deoptimize
Event: 4.361 Executing VM operation: Deoptimize done
Event: 4.361 loading class com/google/common/collect/LinkedHashMultimap
Event: 4.361 loading class com/google/common/collect/LinkedHashMultimap done
Event: 4.409 loading class com/google/common/collect/LinkedHashMultimapGwtSerializationDependencies
Event: 4.409 loading class com/google/common/collect/LinkedHashMultimapGwtSerializationDependencies done
Event: 4.409 loading class com/google/common/collect/AbstractSetMultimap
Event: 4.410 loading class com/google/common/collect/AbstractSetMultimap done
Event: 4.410 loading class com/google/common/collect/CompactLinkedHashMap
Event: 4.410 loading class com/google/common/collect/CompactLinkedHashMap done


Dynamic libraries:
0x00007ff7fb510000 - 0x00007ff7fb541000 	C:\Program Files\Android\Android Studio\jre\bin\java.exe
0x00007ff8b33c0000 - 0x00007ff8b35b0000 	C:\WINDOWS\SYSTEM32\ntdll.dll
0x00007ff8b15b0000 - 0x00007ff8b1662000 	C:\WINDOWS\System32\KERNEL32.DLL
0x00007ff8b11c0000 - 0x00007ff8b1465000 	C:\WINDOWS\System32\KERNELBASE.dll
0x0000000070ab0000 - 0x0000000070b56000 	C:\WINDOWS\System32\SYSFER.DLL
0x00007ff8b2c70000 - 0x00007ff8b2d13000 	C:\WINDOWS\System32\ADVAPI32.dll
0x00007ff8b1760000 - 0x00007ff8b17fe000 	C:\WINDOWS\System32\msvcrt.dll
0x00007ff8b2bd0000 - 0x00007ff8b2c67000 	C:\WINDOWS\System32\sechost.dll
0x00007ff8b19b0000 - 0x00007ff8b1ad0000 	C:\WINDOWS\System32\RPCRT4.dll
0x00007ff8b28f0000 - 0x00007ff8b2a84000 	C:\WINDOWS\System32\USER32.dll
0x00007ff8b1190000 - 0x00007ff8b11b1000 	C:\WINDOWS\System32\win32u.dll
0x00007ff8b1980000 - 0x00007ff8b19a6000 	C:\WINDOWS\System32\GDI32.dll
0x00007ff8b0390000 - 0x00007ff8b0526000 	C:\WINDOWS\System32\gdi32full.dll
0x00007ff8b1010000 - 0x00007ff8b10ae000 	C:\WINDOWS\System32\msvcp_win.dll
0x00007ff8b0f10000 - 0x00007ff8b100a000 	C:\WINDOWS\System32\ucrtbase.dll
0x00007ff8a0080000 - 0x00007ff8a0304000 	C:\WINDOWS\WinSxS\amd64_microsoft.windows.common-controls_6595b64144ccf1df_6.0.18362.1256_none_9e7e379be45e40e2\COMCTL32.dll
0x00007ff8b3040000 - 0x00007ff8b3376000 	C:\WINDOWS\System32\combase.dll
0x00007ff8b0580000 - 0x00007ff8b0601000 	C:\WINDOWS\System32\bcryptPrimitives.dll
0x00007ff8b28c0000 - 0x00007ff8b28ee000 	C:\WINDOWS\System32\IMM32.DLL
0x000000006e1d0000 - 0x000000006e2a2000 	C:\Program Files\Android\Android Studio\jre\jre\bin\msvcr100.dll
0x000000006ed00000 - 0x000000006f54b000 	C:\Program Files\Android\Android Studio\jre\jre\bin\server\jvm.dll
0x00007ff8b2da0000 - 0x00007ff8b2da8000 	C:\WINDOWS\System32\PSAPI.DLL
0x00007ff899350000 - 0x00007ff899359000 	C:\WINDOWS\SYSTEM32\WSOCK32.dll
0x00007ff8b2a90000 - 0x00007ff8b2aff000 	C:\WINDOWS\System32\WS2_32.dll
0x00007ff8ae300000 - 0x00007ff8ae324000 	C:\WINDOWS\SYSTEM32\WINMM.dll
0x00007ff8a4460000 - 0x00007ff8a446a000 	C:\WINDOWS\SYSTEM32\VERSION.dll
0x00007ff8ae2d0000 - 0x00007ff8ae2fd000 	C:\WINDOWS\SYSTEM32\WINMMBASE.dll
0x00007ff8b0530000 - 0x00007ff8b057a000 	C:\WINDOWS\System32\cfgmgr32.dll
0x00007ff88c940000 - 0x00007ff88c94f000 	C:\Program Files\Android\Android Studio\jre\jre\bin\verify.dll
0x00007ff886e00000 - 0x00007ff886e29000 	C:\Program Files\Android\Android Studio\jre\jre\bin\java.dll
0x00007ff8879f0000 - 0x00007ff887a06000 	C:\Program Files\Android\Android Studio\jre\jre\bin\zip.dll
0x00007ff8b21d0000 - 0x00007ff8b28b7000 	C:\WINDOWS\System32\SHELL32.dll
0x00007ff8b2e30000 - 0x00007ff8b2ed9000 	C:\WINDOWS\System32\shcore.dll
0x00007ff8b0610000 - 0x00007ff8b0d91000 	C:\WINDOWS\System32\windows.storage.dll
0x00007ff8b0290000 - 0x00007ff8b02b3000 	C:\WINDOWS\System32\profapi.dll
0x00007ff8b02e0000 - 0x00007ff8b032a000 	C:\WINDOWS\System32\powrprof.dll
0x00007ff8b0260000 - 0x00007ff8b0270000 	C:\WINDOWS\System32\UMPDC.dll
0x00007ff8b1ae0000 - 0x00007ff8b1b32000 	C:\WINDOWS\System32\shlwapi.dll
0x00007ff8b02c0000 - 0x00007ff8b02d1000 	C:\WINDOWS\System32\kernel.appcore.dll
0x00007ff8b0ef0000 - 0x00007ff8b0f07000 	C:\WINDOWS\System32\cryptsp.dll
0x00007ff887980000 - 0x00007ff88799a000 	C:\Program Files\Android\Android Studio\jre\jre\bin\net.dll
0x00007ff8afab0000 - 0x00007ff8afb17000 	C:\WINDOWS\system32\mswsock.dll
0x00007ff885520000 - 0x00007ff885533000 	C:\Program Files\Android\Android Studio\jre\jre\bin\nio.dll
0x00007ff876160000 - 0x00007ff876187000 	C:\Users\QINTESS\.gradle\native\f6784746aeab05261644944871eae4fe03e0ef1612fff0a4a95f87b438bc6780\windows-amd64\native-platform.dll
0x00007ff88c720000 - 0x00007ff88c72d000 	C:\Program Files\Android\Android Studio\jre\jre\bin\management.dll
0x00007ff8af620000 - 0x00007ff8af653000 	C:\WINDOWS\system32\rsaenh.dll
0x00007ff8b10b0000 - 0x00007ff8b10d6000 	C:\WINDOWS\System32\bcrypt.dll
0x00007ff8b0180000 - 0x00007ff8b01a5000 	C:\WINDOWS\SYSTEM32\USERENV.dll
0x00007ff8afc80000 - 0x00007ff8afc8c000 	C:\WINDOWS\SYSTEM32\CRYPTBASE.dll
0x00007ff8af7c0000 - 0x00007ff8af7fa000 	C:\WINDOWS\SYSTEM32\IPHLPAPI.DLL
0x00007ff8b2160000 - 0x00007ff8b2168000 	C:\WINDOWS\System32\NSI.dll
0x00007ff8a8a50000 - 0x00007ff8a8a66000 	C:\WINDOWS\SYSTEM32\dhcpcsvc6.DLL
0x00007ff8a8a00000 - 0x00007ff8a8a1c000 	C:\WINDOWS\SYSTEM32\dhcpcsvc.DLL
0x00007ff8af800000 - 0x00007ff8af8cb000 	C:\WINDOWS\SYSTEM32\DNSAPI.dll
0x00007ff8aac10000 - 0x00007ff8aac1b000 	C:\WINDOWS\SYSTEM32\WINNSI.DLL

VM Arguments:
jvm_args: -Xmx2048m -Dfile.encoding=UTF-8 -Duser.country=BR -Duser.language=pt -Duser.variant 
java_command: org.gradle.launcher.daemon.bootstrap.GradleDaemon 6.5
java_class_path (initial): C:\Users\QINTESS\.gradle\wrapper\dists\gradle-6.5-bin\6nifqtx7604sqp1q6g8wikw7p\gradle-6.5\lib\gradle-launcher-6.5.jar
Launcher Type: SUN_STANDARD

Environment Variables:
PATH=C:\oracle\product\11.2.0\client_1\bin;C:\Program Files (x86)\Common Files\Oracle\Java\javapath;C:\WINDOWS\system32;C:\WINDOWS;C:\WINDOWS\System32\Wbem;C:\WINDOWS\System32\WindowsPowerShell\v1.0\;C:\WINDOWS\System32\OpenSSH\;C:\Program Files (x86)\Microsoft SQL Server\140\Tools\Binn\;C:\Program Files\Microsoft SQL Server\140\Tools\Binn\;C:\Program Files (x86)\Microsoft SQL Server\140\DTS\Binn\;C:\Program Files\Microsoft SQL Server\140\DTS\Binn\;C:\Program Files\Microsoft SQL Server\Client SDK\ODBC\130\Tools\Binn\;C:\Program Files (x86)\Microsoft SQL Server\150\DTS\Binn\;C:\Users\QINTESS\AppData\Local\Microsoft\WindowsApps;C:\Program Files\heroku\bin;C:\CIJUN\Heroku\bin;C:\CIJUN\Heroku\bin;
USERNAME=QINTESS
OS=Windows_NT
PROCESSOR_IDENTIFIER=Intel64 Family 6 Model 158 Stepping 9, GenuineIntel



---------------  S Y S T E M  ---------------

OS: Windows 10.0 , 64 bit Build 18362 (10.0.18362.1110)

CPU:total 4 (initial active 4) (4 cores per cpu, 1 threads per core) family 6 model 158 stepping 9, cmov, cx8, fxsr, mmx, sse, sse2, sse3, ssse3, sse4.1, sse4.2, popcnt, avx, avx2, aes, clmul, erms, 3dnowpref, lzcnt, tsc, tscinvbit, bmi1, bmi2, adx

Memory: 4k page, physical 8253744k(663012k free), swap 8253744k(3068k free)

vm_info: OpenJDK 64-Bit Server VM (25.242-b01) for windows-amd64 JRE (1.8.0_242-release-1644-b01), built by "builder" with MS VC++ 10.0 (VS2010)

time: Mon Jan 18 18:20:16 2021
timezone: Hora Padrão da Bahia
elapsed time: 4 seconds (0d 0h 0m 4s)

